2023-12-23T10:17:30.477995+00:00 INFO 'ansible_navigator.setup_logger' New ansible-navigator instance, logging initialized
2023-12-23T10:17:30.478464+00:00 INFO 'ansible_navigator.setup_logger' New ansible-runner instance, logging initialized
2023-12-23T10:17:30.478521+00:00 DEBUG 'ansible_navigator.main' Jinja2==3.1.2 
2023-12-23T10:17:30.478544+00:00 DEBUG 'ansible_navigator.main' MarkupSafe==2.1.3 
2023-12-23T10:17:30.478561+00:00 DEBUG 'ansible_navigator.main' Parsley==1.3 
2023-12-23T10:17:30.478576+00:00 DEBUG 'ansible_navigator.main' PyYAML==6.0.1 
2023-12-23T10:17:30.478591+00:00 DEBUG 'ansible_navigator.main' Pygments==2.17.2 
2023-12-23T10:17:30.478606+00:00 DEBUG 'ansible_navigator.main' ansible-builder==3.0.0 
2023-12-23T10:17:30.478620+00:00 DEBUG 'ansible_navigator.main' ansible-compat==4.1.10 
2023-12-23T10:17:30.478634+00:00 DEBUG 'ansible_navigator.main' ansible-core==2.15.7 
2023-12-23T10:17:30.478648+00:00 DEBUG 'ansible_navigator.main' ansible-lint==6.22.1 
2023-12-23T10:17:30.478661+00:00 DEBUG 'ansible_navigator.main' ansible-navigator==3.5.0 
2023-12-23T10:17:30.478675+00:00 DEBUG 'ansible_navigator.main' ansible-runner==2.3.4 
2023-12-23T10:17:30.478688+00:00 DEBUG 'ansible_navigator.main' attrs==23.1.0 /home/harry/.local/lib/python3.9/site-packages/attrs/__init__.py
2023-12-23T10:17:30.478702+00:00 DEBUG 'ansible_navigator.main' bindep==2.11.0 /home/harry/.local/lib/python3.9/site-packages/bindep/__init__.py
2023-12-23T10:17:30.478716+00:00 DEBUG 'ansible_navigator.main' black==23.11.0 /home/harry/.local/lib/python3.9/site-packages/black/__init__.cpython-39-x86_64-linux-gnu.so
2023-12-23T10:17:30.478730+00:00 DEBUG 'ansible_navigator.main' bracex==2.4 /home/harry/.local/lib/python3.9/site-packages/bracex/__init__.py
2023-12-23T10:17:30.478745+00:00 DEBUG 'ansible_navigator.main' certifi==2023.11.17 /home/harry/.local/lib/python3.9/site-packages/certifi/__init__.py
2023-12-23T10:17:30.478758+00:00 DEBUG 'ansible_navigator.main' cffi==1.16.0 /home/harry/.local/lib/python3.9/site-packages/cffi/__init__.py
2023-12-23T10:17:30.478771+00:00 DEBUG 'ansible_navigator.main' charset-normalizer==3.3.2 
2023-12-23T10:17:30.478785+00:00 DEBUG 'ansible_navigator.main' click==8.1.7 /home/harry/.local/lib/python3.9/site-packages/click/__init__.py
2023-12-23T10:17:30.478814+00:00 DEBUG 'ansible_navigator.main' cryptography==41.0.7 /home/harry/.local/lib/python3.9/site-packages/cryptography/__init__.py
2023-12-23T10:17:30.478859+00:00 DEBUG 'ansible_navigator.main' dbus-python==1.2.18 
2023-12-23T10:17:30.478881+00:00 DEBUG 'ansible_navigator.main' distro==1.8.0 /home/harry/.local/lib/python3.9/site-packages/distro/__init__.py
2023-12-23T10:17:30.478897+00:00 DEBUG 'ansible_navigator.main' docutils==0.20.1 /home/harry/.local/lib/python3.9/site-packages/docutils/__init__.py
2023-12-23T10:17:30.478913+00:00 DEBUG 'ansible_navigator.main' filelock==3.13.1 /home/harry/.local/lib/python3.9/site-packages/filelock/__init__.py
2023-12-23T10:17:30.478942+00:00 DEBUG 'ansible_navigator.main' idna==3.6 /home/harry/.local/lib/python3.9/site-packages/idna/__init__.py
2023-12-23T10:17:30.478976+00:00 DEBUG 'ansible_navigator.main' importlib-metadata==6.2.1 
2023-12-23T10:17:30.479011+00:00 DEBUG 'ansible_navigator.main' importlib-resources==5.0.7 
2023-12-23T10:17:30.479061+00:00 DEBUG 'ansible_navigator.main' jsonschema-specifications==2023.11.2 
2023-12-23T10:17:30.479095+00:00 DEBUG 'ansible_navigator.main' jsonschema==4.20.0 /home/harry/.local/lib/python3.9/site-packages/jsonschema/__init__.py
2023-12-23T10:17:30.479114+00:00 DEBUG 'ansible_navigator.main' lockfile==0.12.2 /home/harry/.local/lib/python3.9/site-packages/lockfile/__init__.py
2023-12-23T10:17:30.479130+00:00 DEBUG 'ansible_navigator.main' markdown-it-py==3.0.0 
2023-12-23T10:17:30.479159+00:00 DEBUG 'ansible_navigator.main' mdurl==0.1.2 /home/harry/.local/lib/python3.9/site-packages/mdurl/__init__.py
2023-12-23T10:17:30.479182+00:00 DEBUG 'ansible_navigator.main' mypy-extensions==1.0.0 
2023-12-23T10:17:30.479199+00:00 DEBUG 'ansible_navigator.main' onigurumacffi==1.3.0 /home/harry/.local/lib/python3.9/site-packages/onigurumacffi.py
2023-12-23T10:17:30.479218+00:00 DEBUG 'ansible_navigator.main' packaging==23.2 /home/harry/.local/lib/python3.9/site-packages/packaging/__init__.py
2023-12-23T10:17:30.479233+00:00 DEBUG 'ansible_navigator.main' pathspec==0.11.2 /home/harry/.local/lib/python3.9/site-packages/pathspec/__init__.py
2023-12-23T10:17:30.479248+00:00 DEBUG 'ansible_navigator.main' pbr==6.0.0 /home/harry/.local/lib/python3.9/site-packages/pbr/__init__.py
2023-12-23T10:17:30.479263+00:00 DEBUG 'ansible_navigator.main' pexpect==4.9.0 /home/harry/.local/lib/python3.9/site-packages/pexpect/__init__.py
2023-12-23T10:17:30.479277+00:00 DEBUG 'ansible_navigator.main' pip==21.2.3 /usr/lib/python3.9/site-packages/pip/__init__.py
2023-12-23T10:17:30.479292+00:00 DEBUG 'ansible_navigator.main' platformdirs==4.1.0 /home/harry/.local/lib/python3.9/site-packages/platformdirs/__init__.py
2023-12-23T10:17:30.479306+00:00 DEBUG 'ansible_navigator.main' ptyprocess==0.7.0 /home/harry/.local/lib/python3.9/site-packages/ptyprocess/__init__.py
2023-12-23T10:17:30.479334+00:00 DEBUG 'ansible_navigator.main' pycparser==2.21 /home/harry/.local/lib/python3.9/site-packages/pycparser/__init__.py
2023-12-23T10:17:30.479369+00:00 DEBUG 'ansible_navigator.main' python-daemon==3.0.1 
2023-12-23T10:17:30.479403+00:00 DEBUG 'ansible_navigator.main' python-dateutil==2.8.1 
2023-12-23T10:17:30.479425+00:00 DEBUG 'ansible_navigator.main' referencing==0.32.0 /home/harry/.local/lib/python3.9/site-packages/referencing/__init__.py
2023-12-23T10:17:30.479446+00:00 DEBUG 'ansible_navigator.main' requests==2.31.0 /home/harry/.local/lib/python3.9/site-packages/requests/__init__.py
2023-12-23T10:17:30.479485+00:00 DEBUG 'ansible_navigator.main' requirements-parser==0.5.0 
2023-12-23T10:17:30.479548+00:00 DEBUG 'ansible_navigator.main' resolvelib==1.0.1 /home/harry/.local/lib/python3.9/site-packages/resolvelib/__init__.py
2023-12-23T10:17:30.479579+00:00 DEBUG 'ansible_navigator.main' rich==13.7.0 /home/harry/.local/lib/python3.9/site-packages/rich/__init__.py
2023-12-23T10:17:30.479598+00:00 DEBUG 'ansible_navigator.main' rpds-py==0.13.2 
2023-12-23T10:17:30.479631+00:00 DEBUG 'ansible_navigator.main' ruamel.yaml.clib==0.2.8 
2023-12-23T10:17:30.479661+00:00 DEBUG 'ansible_navigator.main' ruamel.yaml==0.18.5 /home/harry/.local/lib/python3.9/site-packages/ruamel/yaml/__init__.py
2023-12-23T10:17:30.479680+00:00 DEBUG 'ansible_navigator.main' setuptools==69.0.2 /home/harry/.local/lib/python3.9/site-packages/setuptools/__init__.py
2023-12-23T10:17:30.479730+00:00 DEBUG 'ansible_navigator.main' six==1.15.0 /usr/lib/python3.9/site-packages/six.py
2023-12-23T10:17:30.479754+00:00 DEBUG 'ansible_navigator.main' subprocess-tee==0.4.1 
2023-12-23T10:17:30.479809+00:00 DEBUG 'ansible_navigator.main' tomli==2.0.1 /home/harry/.local/lib/python3.9/site-packages/tomli/__init__.py
2023-12-23T10:17:30.479831+00:00 DEBUG 'ansible_navigator.main' types-setuptools==69.0.0.0 
2023-12-23T10:17:30.479850+00:00 DEBUG 'ansible_navigator.main' typing_extensions==4.8.0 /home/harry/.local/lib/python3.9/site-packages/typing_extensions.py
2023-12-23T10:17:30.479865+00:00 DEBUG 'ansible_navigator.main' tzdata==2023.3 /home/harry/.local/lib/python3.9/site-packages/tzdata/__init__.py
2023-12-23T10:17:30.479894+00:00 DEBUG 'ansible_navigator.main' urllib3==2.1.0 /home/harry/.local/lib/python3.9/site-packages/urllib3/__init__.py
2023-12-23T10:17:30.479926+00:00 DEBUG 'ansible_navigator.main' wcmatch==8.5 /home/harry/.local/lib/python3.9/site-packages/wcmatch/__init__.py
2023-12-23T10:17:30.479943+00:00 DEBUG 'ansible_navigator.main' yamllint==1.33.0 /home/harry/.local/lib/python3.9/site-packages/yamllint/__init__.py
2023-12-23T10:17:30.479958+00:00 DEBUG 'ansible_navigator.main' zipp==3.17.0 /home/harry/.local/lib/python3.9/site-packages/zipp/__init__.py
2023-12-23T10:17:30.479973+00:00 DEBUG 'ansible_navigator.main' Default collection_doc_cache_path set to: /home/harry/.cache/ansible-navigator/collection_doc_cache.db
2023-12-23T10:17:30.480002+00:00 DEBUG 'ansible_navigator.main' EDITOR environment variable not set
2023-12-23T10:17:30.480048+00:00 DEBUG 'ansible_navigator.main' Default editor_command set to: vi +{line_number} {filename}
2023-12-23T10:17:30.480094+00:00 DEBUG 'ansible_navigator.main' No config file set by ANSIBLE_NAVIGATOR_CONFIG
2023-12-23T10:17:30.480117+00:00 DEBUG 'ansible_navigator.main' Looking in /home/harry
2023-12-23T10:17:30.480133+00:00 DEBUG 'ansible_navigator.main' Looking for '/home/harry/.ansible-navigator.yml', '/home/harry/.ansible-navigator.yaml' and '/home/harry/.ansible-navigator.json'
2023-12-23T10:17:30.480149+00:00 DEBUG 'ansible_navigator.main' Found 0: 
2023-12-23T10:17:30.480178+00:00 DEBUG 'ansible_navigator.main' Looking in /home/harry/playbooks/test_collection_groupvars
2023-12-23T10:17:30.480223+00:00 DEBUG 'ansible_navigator.main' Looking for '/home/harry/playbooks/test_collection_groupvars/ansible-navigator.yml', '/home/harry/playbooks/test_collection_groupvars/ansible-navigator.yaml' and '/home/harry/playbooks/test_collection_groupvars/ansible-navigator.json'
2023-12-23T10:17:30.480248+00:00 DEBUG 'ansible_navigator.main' Found 0: 
2023-12-23T10:17:30.480265+00:00 DEBUG 'ansible_navigator.main' All found 0: 
2023-12-23T10:17:30.480280+00:00 DEBUG 'ansible_navigator.main' Using: None
2023-12-23T10:17:30.480295+00:00 DEBUG 'ansible_navigator.main' No valid settings file found, using all default values for settings.
2023-12-23T10:17:30.480310+00:00 DEBUG 'ansible_navigator.main' Command provided: 'inventory -m stdout --list'
2023-12-23T10:17:30.480325+00:00 DEBUG 'ansible_navigator.main' EE support enabled: using current working directory for 'ansible.cfg'
2023-12-23T10:17:30.480353+00:00 INFO 'ansible_navigator.main' EE support enabled: no 'ansible.cfg' found in current working directory. Tried /home/harry/playbooks/test_collection_groupvars/ansible.cfg
2023-12-23T10:17:30.480388+00:00 DEBUG 'ansible_navigator.main' Completed post processing for ansible_runner_artifact_dir. (changed=False)
2023-12-23T10:17:30.480422+00:00 DEBUG 'ansible_navigator.main' Completed post processing for ansible_runner_rotate_artifacts_count. (changed=False)
2023-12-23T10:17:30.480444+00:00 DEBUG 'ansible_navigator.main' Completed post processing for ansible_runner_timeout. (changed=False)
2023-12-23T10:17:30.480461+00:00 DEBUG 'ansible_navigator.main' Completed post processing for cmdline. (changed=False)
2023-12-23T10:17:30.480476+00:00 DEBUG 'ansible_navigator.main' Completed post processing for collection_doc_cache_path. (changed=False)
2023-12-23T10:17:30.480491+00:00 DEBUG 'ansible_navigator.main' Completed post processing for container_engine. (changed=False)
2023-12-23T10:17:30.480506+00:00 DEBUG 'ansible_navigator.main' Completed post processing for container_options. (changed=False)
2023-12-23T10:17:30.480534+00:00 DEBUG 'ansible_navigator.main' Completed post processing for display_color. (changed=False)
2023-12-23T10:17:30.480557+00:00 DEBUG 'ansible_navigator.main' Completed post processing for enable_prompts. (changed=False)
2023-12-23T10:17:30.480586+00:00 DEBUG 'ansible_navigator.main' Completed post processing for execution_environment. (changed=False)
2023-12-23T10:17:30.480609+00:00 DEBUG 'ansible_navigator.main' Completed post processing for execution_environment_image. (changed=False)
2023-12-23T10:17:30.480626+00:00 DEBUG 'ansible_navigator.main' Completed post processing for help_builder. (changed=False)
2023-12-23T10:17:30.480641+00:00 DEBUG 'ansible_navigator.main' Completed post processing for help_config. (changed=False)
2023-12-23T10:17:30.480656+00:00 DEBUG 'ansible_navigator.main' Completed post processing for help_doc. (changed=False)
2023-12-23T10:17:30.480670+00:00 DEBUG 'ansible_navigator.main' Completed post processing for help_inventory. (changed=False)
2023-12-23T10:17:30.480764+00:00 DEBUG 'ansible_navigator.main' Completed post processing for help_playbook. (changed=False)
2023-12-23T10:17:30.480826+00:00 DEBUG 'ansible_navigator.main' Completed post processing for images_details. (changed=False)
2023-12-23T10:17:30.480872+00:00 DEBUG 'ansible_navigator.main' Completed post processing for inventory. (changed=False)
2023-12-23T10:17:30.480922+00:00 DEBUG 'ansible_navigator.main' Completed post processing for inventory_column. (changed=False)
2023-12-23T10:17:30.480958+00:00 DEBUG 'ansible_navigator.main' Completed post processing for log_file. (changed=False)
2023-12-23T10:17:30.481003+00:00 DEBUG 'ansible_navigator.main' Completed post processing for pass_environment_variable. (changed=False)
2023-12-23T10:17:30.481038+00:00 DEBUG 'ansible_navigator.main' Completed post processing for playbook. (changed=False)
2023-12-23T10:17:30.481083+00:00 DEBUG 'ansible_navigator.main' Completed post processing for playbook_artifact_replay. (changed=False)
2023-12-23T10:17:30.481118+00:00 DEBUG 'ansible_navigator.main' Completed post processing for playbook_artifact_save_as. (changed=False)
2023-12-23T10:17:30.481163+00:00 DEBUG 'ansible_navigator.main' Completed post processing for plugin_name. (changed=False)
2023-12-23T10:17:30.481199+00:00 DEBUG 'ansible_navigator.main' Completed post processing for pull_arguments. (changed=False)
2023-12-23T10:17:30.481244+00:00 DEBUG 'ansible_navigator.main' Completed post processing for set_environment_variable. (changed=False)
2023-12-23T10:17:30.481278+00:00 DEBUG 'ansible_navigator.main' Completed post processing for settings_effective. (changed=False)
2023-12-23T10:17:30.481323+00:00 DEBUG 'ansible_navigator.main' Completed post processing for settings_sample. (changed=False)
2023-12-23T10:17:30.481358+00:00 DEBUG 'ansible_navigator.main' Completed post processing for settings_schema. (changed=False)
2023-12-23T10:17:30.481403+00:00 DEBUG 'ansible_navigator.main' Completed post processing for settings_sources. (changed=False)
2023-12-23T10:17:30.481439+00:00 DEBUG 'ansible_navigator.main' Completed post processing for time_zone. (changed=False)
2023-12-23T10:17:30.481485+00:00 DEBUG 'ansible_navigator.main' Completed post processing for execution_environment_volume_mounts. (changed=False)
2023-12-23T10:17:30.481521+00:00 DEBUG 'ansible_navigator.main' Completed post processing for mode. (changed=False)
2023-12-23T10:17:30.481566+00:00 DEBUG 'ansible_navigator.main' Completed post processing for playbook_artifact_enable. (changed=False)
2023-12-23T10:17:30.481604+00:00 WARNING 'ansible_navigator.main' Configuration errors encountered, rolling back to previous configuration.
2023-12-23T10:17:30.481649+00:00 DEBUG 'ansible_navigator.main' Prior to rollback: ansible_runner_artifact_dir = 'Not set' (Constants/Not set)
2023-12-23T10:17:30.481684+00:00 DEBUG 'ansible_navigator.main' Prior to rollback: ansible_runner_rotate_artifacts_count = 'Not set' (Constants/Not set)
2023-12-23T10:17:30.481730+00:00 DEBUG 'ansible_navigator.main' Prior to rollback: ansible_runner_timeout = 'Not set' (Constants/Not set)
2023-12-23T10:17:30.481765+00:00 DEBUG 'ansible_navigator.main' Prior to rollback: ansible_runner_write_job_events = 'False' (bool/Defaults)
2023-12-23T10:17:30.481810+00:00 DEBUG 'ansible_navigator.main' Prior to rollback: app = 'inventory' (str/Command line)
2023-12-23T10:17:30.481845+00:00 DEBUG 'ansible_navigator.main' Prior to rollback: cmdline = '['--list']' (list/Command line)
2023-12-23T10:17:30.481890+00:00 DEBUG 'ansible_navigator.main' Prior to rollback: collection_doc_cache_path = '/home/harry/.cache/ansible-navigator/collection_doc_cache.db' (str/Defaults)
2023-12-23T10:17:30.481925+00:00 DEBUG 'ansible_navigator.main' Prior to rollback: config = 'Not set' (Constants/Not set)
2023-12-23T10:17:30.481970+00:00 DEBUG 'ansible_navigator.main' Prior to rollback: container_engine = 'auto' (str/Defaults)
2023-12-23T10:17:30.482005+00:00 DEBUG 'ansible_navigator.main' Prior to rollback: container_options = 'Not set' (Constants/Not set)
2023-12-23T10:17:30.482050+00:00 DEBUG 'ansible_navigator.main' Prior to rollback: display_color = 'True' (bool/Defaults)
2023-12-23T10:17:30.482085+00:00 DEBUG 'ansible_navigator.main' Prior to rollback: editor_command = 'vi +{line_number} {filename}' (str/Defaults)
2023-12-23T10:17:30.482132+00:00 DEBUG 'ansible_navigator.main' Prior to rollback: editor_console = 'True' (bool/Defaults)
2023-12-23T10:17:30.482167+00:00 DEBUG 'ansible_navigator.main' Prior to rollback: enable_prompts = 'False' (bool/Defaults)
2023-12-23T10:17:30.482212+00:00 DEBUG 'ansible_navigator.main' Prior to rollback: exec_command = '/bin/bash' (str/Defaults)
2023-12-23T10:17:30.482247+00:00 DEBUG 'ansible_navigator.main' Prior to rollback: exec_shell = 'True' (bool/Defaults)
2023-12-23T10:17:30.482292+00:00 DEBUG 'ansible_navigator.main' Prior to rollback: execution_environment = 'True' (bool/Defaults)
2023-12-23T10:17:30.482327+00:00 DEBUG 'ansible_navigator.main' Prior to rollback: execution_environment_image = 'ghcr.io/ansible/creator-ee:v0.20.0' (str/Defaults)
2023-12-23T10:17:30.482373+00:00 DEBUG 'ansible_navigator.main' Prior to rollback: execution_environment_volume_mounts = 'Not set' (Constants/Not set)
2023-12-23T10:17:30.482408+00:00 DEBUG 'ansible_navigator.main' Prior to rollback: format = 'yaml' (str/Defaults)
2023-12-23T10:17:30.482452+00:00 DEBUG 'ansible_navigator.main' Prior to rollback: help_builder = 'False' (bool/Defaults)
2023-12-23T10:17:30.482487+00:00 DEBUG 'ansible_navigator.main' Prior to rollback: help_config = 'False' (bool/Defaults)
2023-12-23T10:17:30.482532+00:00 DEBUG 'ansible_navigator.main' Prior to rollback: help_doc = 'False' (bool/Defaults)
2023-12-23T10:17:30.482567+00:00 DEBUG 'ansible_navigator.main' Prior to rollback: help_inventory = 'False' (bool/Defaults)
2023-12-23T10:17:30.482612+00:00 DEBUG 'ansible_navigator.main' Prior to rollback: help_playbook = 'False' (bool/Defaults)
2023-12-23T10:17:30.482647+00:00 DEBUG 'ansible_navigator.main' Prior to rollback: images_details = '['everything']' (list/Defaults)
2023-12-23T10:17:30.482692+00:00 DEBUG 'ansible_navigator.main' Prior to rollback: inventory = 'Not set' (Constants/Not set)
2023-12-23T10:17:30.482727+00:00 DEBUG 'ansible_navigator.main' Prior to rollback: inventory_column = 'Not set' (Constants/Not set)
2023-12-23T10:17:30.482772+00:00 DEBUG 'ansible_navigator.main' Prior to rollback: lint_config = 'Not set' (Constants/Not set)
2023-12-23T10:17:30.482808+00:00 DEBUG 'ansible_navigator.main' Prior to rollback: lintables = 'Not set' (Constants/Not set)
2023-12-23T10:17:30.482853+00:00 DEBUG 'ansible_navigator.main' Prior to rollback: log_append = 'True' (bool/Defaults)
2023-12-23T10:17:30.482888+00:00 DEBUG 'ansible_navigator.main' Prior to rollback: log_file = '/home/harry/playbooks/test_collection_groupvars/ansible-navigator.log' (str/Defaults)
2023-12-23T10:17:30.482933+00:00 DEBUG 'ansible_navigator.main' Prior to rollback: log_level = 'warning' (str/Defaults)
2023-12-23T10:17:30.482968+00:00 DEBUG 'ansible_navigator.main' Prior to rollback: mode = 'stdout' (str/Command line)
2023-12-23T10:17:30.483013+00:00 DEBUG 'ansible_navigator.main' Prior to rollback: osc4 = 'True' (bool/Defaults)
2023-12-23T10:17:30.483048+00:00 DEBUG 'ansible_navigator.main' Prior to rollback: pass_environment_variable = 'Not set' (Constants/Not set)
2023-12-23T10:17:30.483094+00:00 DEBUG 'ansible_navigator.main' Prior to rollback: playbook = 'Not set' (Constants/Not set)
2023-12-23T10:17:30.483129+00:00 DEBUG 'ansible_navigator.main' Prior to rollback: playbook_artifact_enable = 'True' (bool/Defaults)
2023-12-23T10:17:30.483174+00:00 DEBUG 'ansible_navigator.main' Prior to rollback: playbook_artifact_replay = 'Not set' (Constants/Not set)
2023-12-23T10:17:30.483209+00:00 DEBUG 'ansible_navigator.main' Prior to rollback: playbook_artifact_save_as = '{playbook_dir}/{playbook_name}-artifact-{time_stamp}.json' (str/Defaults)
2023-12-23T10:17:30.483253+00:00 DEBUG 'ansible_navigator.main' Prior to rollback: plugin_name = 'Not set' (Constants/Not set)
2023-12-23T10:17:30.483289+00:00 DEBUG 'ansible_navigator.main' Prior to rollback: plugin_type = 'module' (str/Defaults)
2023-12-23T10:17:30.483334+00:00 DEBUG 'ansible_navigator.main' Prior to rollback: pull_arguments = 'Not set' (Constants/Not set)
2023-12-23T10:17:30.483369+00:00 DEBUG 'ansible_navigator.main' Prior to rollback: pull_policy = 'tag' (str/Defaults)
2023-12-23T10:17:30.483416+00:00 DEBUG 'ansible_navigator.main' Prior to rollback: set_environment_variable = 'Not set' (Constants/Not set)
2023-12-23T10:17:30.483452+00:00 DEBUG 'ansible_navigator.main' Prior to rollback: settings_effective = 'False' (bool/Defaults)
2023-12-23T10:17:30.483496+00:00 DEBUG 'ansible_navigator.main' Prior to rollback: settings_sample = 'False' (bool/Defaults)
2023-12-23T10:17:30.483531+00:00 DEBUG 'ansible_navigator.main' Prior to rollback: settings_schema = 'json' (str/Defaults)
2023-12-23T10:17:30.483576+00:00 DEBUG 'ansible_navigator.main' Prior to rollback: settings_sources = 'False' (bool/Defaults)
2023-12-23T10:17:30.483611+00:00 DEBUG 'ansible_navigator.main' Prior to rollback: time_zone = 'UTC' (str/Defaults)
2023-12-23T10:17:30.483656+00:00 DEBUG 'ansible_navigator.main' Prior to rollback: workdir = '/home/harry/playbooks/test_collection_groupvars' (str/Defaults)
2023-12-23T10:17:30.483691+00:00 DEBUG 'ansible_navigator.main' After rollback: ansible_runner_artifact_dir = 'Not set' (Constants/Not set)
2023-12-23T10:17:30.483736+00:00 DEBUG 'ansible_navigator.main' After rollback: ansible_runner_rotate_artifacts_count = 'Not set' (Constants/Not set)
2023-12-23T10:17:30.483771+00:00 DEBUG 'ansible_navigator.main' After rollback: ansible_runner_timeout = 'Not set' (Constants/Not set)
2023-12-23T10:17:30.483817+00:00 DEBUG 'ansible_navigator.main' After rollback: ansible_runner_write_job_events = 'Not set' (Constants/Not set)
2023-12-23T10:17:30.483851+00:00 DEBUG 'ansible_navigator.main' After rollback: app = 'Not set' (Constants/Not set)
2023-12-23T10:17:30.483896+00:00 DEBUG 'ansible_navigator.main' After rollback: cmdline = 'Not set' (Constants/Not set)
2023-12-23T10:17:30.483931+00:00 DEBUG 'ansible_navigator.main' After rollback: collection_doc_cache_path = 'Not set' (Constants/Not set)
2023-12-23T10:17:30.483976+00:00 DEBUG 'ansible_navigator.main' After rollback: config = 'Not set' (Constants/Not set)
2023-12-23T10:17:30.484012+00:00 DEBUG 'ansible_navigator.main' After rollback: container_engine = 'Not set' (Constants/Not set)
2023-12-23T10:17:30.484057+00:00 DEBUG 'ansible_navigator.main' After rollback: container_options = 'Not set' (Constants/Not set)
2023-12-23T10:17:30.484092+00:00 DEBUG 'ansible_navigator.main' After rollback: display_color = 'Not set' (Constants/Not set)
2023-12-23T10:17:30.484137+00:00 DEBUG 'ansible_navigator.main' After rollback: editor_command = 'Not set' (Constants/Not set)
2023-12-23T10:17:30.484172+00:00 DEBUG 'ansible_navigator.main' After rollback: editor_console = 'Not set' (Constants/Not set)
2023-12-23T10:17:30.484217+00:00 DEBUG 'ansible_navigator.main' After rollback: enable_prompts = 'Not set' (Constants/Not set)
2023-12-23T10:17:30.484252+00:00 DEBUG 'ansible_navigator.main' After rollback: exec_command = 'Not set' (Constants/Not set)
2023-12-23T10:17:30.484297+00:00 DEBUG 'ansible_navigator.main' After rollback: exec_shell = 'Not set' (Constants/Not set)
2023-12-23T10:17:30.484333+00:00 DEBUG 'ansible_navigator.main' After rollback: execution_environment = 'Not set' (Constants/Not set)
2023-12-23T10:17:30.484377+00:00 DEBUG 'ansible_navigator.main' After rollback: execution_environment_image = 'Not set' (Constants/Not set)
2023-12-23T10:17:30.484413+00:00 DEBUG 'ansible_navigator.main' After rollback: execution_environment_volume_mounts = 'Not set' (Constants/Not set)
2023-12-23T10:17:30.484458+00:00 DEBUG 'ansible_navigator.main' After rollback: format = 'Not set' (Constants/Not set)
2023-12-23T10:17:30.484493+00:00 DEBUG 'ansible_navigator.main' After rollback: help_builder = 'Not set' (Constants/Not set)
2023-12-23T10:17:30.484538+00:00 DEBUG 'ansible_navigator.main' After rollback: help_config = 'Not set' (Constants/Not set)
2023-12-23T10:17:30.484573+00:00 DEBUG 'ansible_navigator.main' After rollback: help_doc = 'Not set' (Constants/Not set)
2023-12-23T10:17:30.484618+00:00 DEBUG 'ansible_navigator.main' After rollback: help_inventory = 'Not set' (Constants/Not set)
2023-12-23T10:17:30.484656+00:00 DEBUG 'ansible_navigator.main' After rollback: help_playbook = 'Not set' (Constants/Not set)
2023-12-23T10:17:30.484701+00:00 DEBUG 'ansible_navigator.main' After rollback: images_details = 'Not set' (Constants/Not set)
2023-12-23T10:17:30.484736+00:00 DEBUG 'ansible_navigator.main' After rollback: inventory = 'Not set' (Constants/Not set)
2023-12-23T10:17:30.484780+00:00 DEBUG 'ansible_navigator.main' After rollback: inventory_column = 'Not set' (Constants/Not set)
2023-12-23T10:17:30.484815+00:00 DEBUG 'ansible_navigator.main' After rollback: lint_config = 'Not set' (Constants/Not set)
2023-12-23T10:17:30.484860+00:00 DEBUG 'ansible_navigator.main' After rollback: lintables = 'Not set' (Constants/Not set)
2023-12-23T10:17:30.484896+00:00 DEBUG 'ansible_navigator.main' After rollback: log_append = 'Not set' (Constants/Not set)
2023-12-23T10:17:30.484941+00:00 DEBUG 'ansible_navigator.main' After rollback: log_file = 'Not set' (Constants/Not set)
2023-12-23T10:17:30.484976+00:00 DEBUG 'ansible_navigator.main' After rollback: log_level = 'Not set' (Constants/Not set)
2023-12-23T10:17:30.485020+00:00 DEBUG 'ansible_navigator.main' After rollback: mode = 'Not set' (Constants/Not set)
2023-12-23T10:17:30.485055+00:00 DEBUG 'ansible_navigator.main' After rollback: osc4 = 'Not set' (Constants/Not set)
2023-12-23T10:17:30.485101+00:00 DEBUG 'ansible_navigator.main' After rollback: pass_environment_variable = 'Not set' (Constants/Not set)
2023-12-23T10:17:30.485136+00:00 DEBUG 'ansible_navigator.main' After rollback: playbook = 'Not set' (Constants/Not set)
2023-12-23T10:17:30.485180+00:00 DEBUG 'ansible_navigator.main' After rollback: playbook_artifact_enable = 'Not set' (Constants/Not set)
2023-12-23T10:17:30.485215+00:00 DEBUG 'ansible_navigator.main' After rollback: playbook_artifact_replay = 'Not set' (Constants/Not set)
2023-12-23T10:17:30.485260+00:00 DEBUG 'ansible_navigator.main' After rollback: playbook_artifact_save_as = 'Not set' (Constants/Not set)
2023-12-23T10:17:30.485296+00:00 DEBUG 'ansible_navigator.main' After rollback: plugin_name = 'Not set' (Constants/Not set)
2023-12-23T10:17:30.485340+00:00 DEBUG 'ansible_navigator.main' After rollback: plugin_type = 'Not set' (Constants/Not set)
2023-12-23T10:17:30.485375+00:00 DEBUG 'ansible_navigator.main' After rollback: pull_arguments = 'Not set' (Constants/Not set)
2023-12-23T10:17:30.485420+00:00 DEBUG 'ansible_navigator.main' After rollback: pull_policy = 'Not set' (Constants/Not set)
2023-12-23T10:17:30.485455+00:00 DEBUG 'ansible_navigator.main' After rollback: set_environment_variable = 'Not set' (Constants/Not set)
2023-12-23T10:17:30.485507+00:00 DEBUG 'ansible_navigator.main' After rollback: settings_effective = 'Not set' (Constants/Not set)
2023-12-23T10:17:30.485544+00:00 DEBUG 'ansible_navigator.main' After rollback: settings_sample = 'Not set' (Constants/Not set)
2023-12-23T10:17:30.485579+00:00 DEBUG 'ansible_navigator.main' After rollback: settings_schema = 'Not set' (Constants/Not set)
2023-12-23T10:17:30.485624+00:00 DEBUG 'ansible_navigator.main' After rollback: settings_sources = 'Not set' (Constants/Not set)
2023-12-23T10:17:30.485659+00:00 DEBUG 'ansible_navigator.main' After rollback: time_zone = 'Not set' (Constants/Not set)
2023-12-23T10:17:30.485704+00:00 DEBUG 'ansible_navigator.main' After rollback: workdir = 'Not set' (Constants/Not set)
2023-12-23T10:17:30.485739+00:00 DEBUG 'ansible_navigator.main' Configuration rollback complete.
2023-12-23T10:17:30.485785+00:00 DEBUG 'ansible_navigator.main' Collection doc cache not mounted
2023-12-23T10:17:30.485829+00:00 WARNING 'ansible_navigator.main' Issues were found while applying the settings.
2023-12-23T10:17:30.485877+00:00 INFO 'ansible_navigator.main' Command provided: 'inventory -m stdout --list'
2023-12-23T10:17:30.485927+00:00 ERROR 'ansible_navigator.main' No container engine could be found: 'auto', set by 'Defaults'
2023-12-23T10:17:30.485975+00:00 INFO 'ansible_navigator.main' Try installing 'podman' or 'docker'
2023-12-23T10:17:30.486022+00:00 ERROR 'ansible_navigator.main' An inventory is required when using the inventory subcommand
2023-12-23T10:17:30.486071+00:00 INFO 'ansible_navigator.main' Try again with '-i <path to inventory>'
2023-12-23T10:17:30.486108+00:00 INFO 'ansible_navigator.main' Configuration failed, using default log file location. (/home/harry/playbooks/test_collection_groupvars/ansible-navigator.log) Log level set to debug
2023-12-23T10:17:30.486156+00:00 INFO 'ansible_navigator.main' Review the hints and log file to see what went wrong.
